<?xml version="1.0" encoding="UTF-8"?>
<testng-results ignored="0" total="1" passed="1" failed="0" skipped="0">
  <reporter-output>
  </reporter-output>
  <suite started-at="2021-03-09T22:41:08 IST" name="Default suite" finished-at="2021-03-09T22:41:08 IST" duration-ms="73">
    <groups>
    </groups>
    <test started-at="2021-03-09T22:41:08 IST" name="Default test" finished-at="2021-03-09T22:41:08 IST" duration-ms="73">
      <class name="interview_questions.Sample_3">
        <test-method signature="VerifyEg()[pri:0, instance:interview_questions.Sample_3@1df82230]" started-at="2021-03-09T22:41:08 IST" name="VerifyEg" finished-at="2021-03-09T22:41:08 IST" duration-ms="17" status="PASS">
          <reporter-output>
          </reporter-output>
        </test-method> <!-- VerifyEg -->
      </class> <!-- interview_questions.Sample_3 -->
    </test> <!-- Default test -->
  </suite> <!-- Default suite -->
</testng-results>
